<?xml version="1.0" encoding="UTF-8"?>
<testsuite name="dominio.unitaria.VendedorTest" tests="9" skipped="0" failures="0" errors="0" timestamp="2019-01-25T03:48:20" hostname="elmer" time="0.267">
  <properties/>
  <testcase name="codigoProductoTieneGarantiaTest" classname="dominio.unitaria.VendedorTest" time="0.001"/>
  <testcase name="calcularFechaGarantiaPrecioMayor" classname="dominio.unitaria.VendedorTest" time="0.002"/>
  <testcase name="calcularFechaGarantiaPrecioMenor" classname="dominio.unitaria.VendedorTest" time="0.0"/>
  <testcase name="calcularValorGarantiaPrecioMayor" classname="dominio.unitaria.VendedorTest" time="0.0"/>
  <testcase name="calcularValorGarantiaPrecioMenor" classname="dominio.unitaria.VendedorTest" time="0.0"/>
  <testcase name="productoNoTieneGarantiaTest" classname="dominio.unitaria.VendedorTest" time="0.253"/>
  <testcase name="codigoProductoNoTieneGarantiaTest" classname="dominio.unitaria.VendedorTest" time="0.001"/>
  <testcase name="productoYaTieneGarantiaTest" classname="dominio.unitaria.VendedorTest" time="0.005"/>
  <testcase name="codigoProductoNullNoTieneGarantiaTest" classname="dominio.unitaria.VendedorTest" time="0.001"/>
  <system-out><![CDATA[]]></system-out>
  <system-err><![CDATA[]]></system-err>
</testsuite>
